<?xml version="1.0" encoding="UTF-8" ?>
<testsuite tests="28" failures="0" name="CucumberMaven.CM.RunCukesTest" time="1.075" errors="0" skipped="0">
  <properties>
[...]
</properties>
  <testcase classname="| http://www.practiceselenium.com/menu.html | Venkatraman | nv.ram82@gmail.com | Hello | Need some Info |" name="Given User navigates to &quot;http://www.practiceselenium.com/menu.html&quot;" time="0.004"/>
  <testcase classname="| http://www.practiceselenium.com/menu.html | Venkatraman | nv.ram82@gmail.com | Hello | Need some Info |" name="And User clicks &quot;Menu&quot; button" time="0"/>
  <testcase classname="| http://www.practiceselenium.com/menu.html | Venkatraman | nv.ram82@gmail.com | Hello | Need some Info |" name="And User clicks &quot;letstalktea&quot; button" time="0.001"/>
  <testcase classname="| http://www.practiceselenium.com/menu.html | Venkatraman | nv.ram82@gmail.com | Hello | Need some Info |" name="And User enters &quot;PassionTea User&quot; in &quot;Name&quot; field" time="0"/>
  <testcase classname="| http://www.practiceselenium.com/menu.html | Venkatraman | nv.ram82@gmail.com | Hello | Need some Info |" name="And User enters &quot;sampleUser@gmail.com&quot; in &quot;Email&quot; field" time="0"/>
  <testcase classname="| http://www.practiceselenium.com/menu.html | Venkatraman | nv.ram82@gmail.com | Hello | Need some Info |" name="And User enters &quot;Executing&quot; in &quot;Subject&quot; field" time="0"/>
  <testcase classname="| http://www.practiceselenium.com/menu.html | Venkatraman | nv.ram82@gmail.com | Hello | Need some Info |" name="And User enters &quot;BackGround Scenario&quot; in &quot;Message&quot; field" time="0"/>
  <testcase classname="| http://www.practiceselenium.com/menu.html | Venkatraman | nv.ram82@gmail.com | Hello | Need some Info |" name="And User clicks &quot;Submit&quot; button" time="0"/>
  <testcase classname="| http://www.practiceselenium.com/menu.html | Venkatraman | nv.ram82@gmail.com | Hello | Need some Info |" name="Given User navigates to &quot;http://www.practiceselenium.com/menu.html&quot;" time="0"/>
  <testcase classname="| http://www.practiceselenium.com/menu.html | Venkatraman | nv.ram82@gmail.com | Hello | Need some Info |" name="And User clicks &quot;Menu&quot; button" time="0"/>
  <testcase classname="| http://www.practiceselenium.com/menu.html | Venkatraman | nv.ram82@gmail.com | Hello | Need some Info |" name="And User clicks &quot;letstalktea&quot; button" time="0"/>
  <testcase classname="| http://www.practiceselenium.com/menu.html | Venkatraman | nv.ram82@gmail.com | Hello | Need some Info |" name="And User enters &quot;Venkatraman&quot; in &quot;Name&quot; field" time="0"/>
  <testcase classname="| http://www.practiceselenium.com/menu.html | Venkatraman | nv.ram82@gmail.com | Hello | Need some Info |" name="And User enters &quot;nv.ram82@gmail.com&quot; in &quot;Email&quot; field" time="0"/>
  <testcase classname="| http://www.practiceselenium.com/menu.html | Venkatraman | nv.ram82@gmail.com | Hello | Need some Info |" name="And User enters &quot;Hello&quot; in &quot;Subject&quot; field" time="0"/>
  <testcase classname="| http://www.practiceselenium.com/menu.html | Venkatraman | nv.ram82@gmail.com | Hello | Need some Info |" name="And User enters &quot;Need some Info&quot; in &quot;Message&quot; field" time="0"/>
  <testcase classname="| http://www.practiceselenium.com/menu.html | Venkatraman | nv.ram82@gmail.com | Hello | Need some Info |" name="Then User clicks &quot;Submit&quot; button" time="0"/>
  <testcase classname="| http://www.practiceselenium.com/menu.html | Venkatraman | nv.ram82@gmail.com | Hello | Need some Info |" name="Given User navigates to &quot;http://www.practiceselenium.com/welcome.html&quot;" time="0"/>
  <testcase classname="| http://www.practiceselenium.com/menu.html | Venkatraman | nv.ram82@gmail.com | Hello | Need some Info |" name="And User clicks &quot;HerbalTeacollection&quot; button" time="0"/>
  <testcase classname="| http://www.practiceselenium.com/menu.html | Venkatraman | nv.ram82@gmail.com | Hello | Need some Info |" name="And User clicks &quot;herbalteacheckout&quot; button" time="0"/>
  <testcase classname="| http://www.practiceselenium.com/menu.html | Venkatraman | nv.ram82@gmail.com | Hello | Need some Info |" name="And User enters &quot;nv.ram82@gmail.com&quot; in &quot;Emailco&quot; field" time="0"/>
  <testcase classname="| http://www.practiceselenium.com/menu.html | Venkatraman | nv.ram82@gmail.com | Hello | Need some Info |" name="And User enters &quot;Venkatraman&quot; in &quot;Nameco&quot; field" time="0"/>
  <testcase classname="| http://www.practiceselenium.com/menu.html | Venkatraman | nv.ram82@gmail.com | Hello | Need some Info |" name="And User enters &quot;Number 456 Hyderabad&quot; in &quot;Addressco&quot; field" time="0"/>
  <testcase classname="| http://www.practiceselenium.com/menu.html | Venkatraman | nv.ram82@gmail.com | Hello | Need some Info |" name="And User select &quot;Mastercard&quot; from the &quot;cardtype&quot; dropdown list" time="0"/>
  <testcase classname="| http://www.practiceselenium.com/menu.html | Venkatraman | nv.ram82@gmail.com | Hello | Need some Info |" name="And User enters &quot;564546789823&quot; in &quot;cardnumber&quot; field" time="0"/>
  <testcase classname="| http://www.practiceselenium.com/menu.html | Venkatraman | nv.ram82@gmail.com | Hello | Need some Info |" name="And User enters &quot;iambuying tea&quot; in &quot;cardholdername&quot; field" time="0"/>
  <testcase classname="| http://www.practiceselenium.com/menu.html | Venkatraman | nv.ram82@gmail.com | Hello | Need some Info |" name="And User enters &quot;544&quot; in &quot;verificationcode&quot; field" time="0"/>
  <testcase classname="| http://www.practiceselenium.com/menu.html | Venkatraman | nv.ram82@gmail.com | Hello | Need some Info |" name="Then User clicks &quot;placeorder&quot; button" time="0"/>
  <testcase classname="| http://www.practiceselenium.com/menu.html | Venkatraman | nv.ram82@gmail.com | Hello | Need some Info |" name="| http://www.practiceselenium.com/menu.html | Venkatraman | nv.ram82@gmail.com | Hello | Need some Info |" time="1.07"/>
</testsuite>